File: norway_train_15, AVG Reward: 1.545744680851064
File: norway_train_1, AVG Reward: 0.7340425531914894
File: norway_car_6, AVG Reward: 0.9521276595744682
File: norway_train_10, AVG Reward: 1.6436170212765955
File: norway_bus_4, AVG Reward: 1.7851063829787228
File: norway_ferry_5, AVG Reward: 0.5212765957446809
File: norway_train_3, AVG Reward: 0.3159574468085106
File: norway_bus_20, AVG Reward: 1.2489361702127655
File: norway_ferry_4, AVG Reward: 0.3
File: norway_tram_37, AVG Reward: 0.6734042553191489
File: norway_tram_49, AVG Reward: 0.26382978723404266
File: norway_train_12, AVG Reward: 0.965957446808511
File: norway_tram_18, AVG Reward: 0.46276595744680865
File: norway_metro_5, AVG Reward: 0.8425531914893617
File: norway_metro_4, AVG Reward: 0.6978723404255318
File: norway_train_17, AVG Reward: 1.3074468085106388
File: norway_bus_6, AVG Reward: 1.2276595744680854
File: norway_train_9, AVG Reward: 0.5882978723404255
File: norway_train_5, AVG Reward: 0.7765957446808512
File: norway_metro_7, AVG Reward: 0.6159574468085106
File: norway_metro_1, AVG Reward: 1.03936170212766
File: norway_tram_6, AVG Reward: 0.55
File: norway_bus_13, AVG Reward: 0.9989361702127657
File: norway_car_4, AVG Reward: 0.9202127659574469
File: norway_tram_35, AVG Reward: 0.3138297872340426
File: norway_ferry_6, AVG Reward: 1.7723404255319148
File: norway_tram_33, AVG Reward: 0.5925531914893618
File: norway_bus_23, AVG Reward: 0.8946808510638299
File: norway_tram_25, AVG Reward: 0.54468085106383
File: norway_tram_12, AVG Reward: 0.495744680851064
File: norway_metro_2, AVG Reward: 1.035106382978724
File: norway_bus_7, AVG Reward: 2.4074468085106373
File: norway_ferry_16, AVG Reward: 2.38191489361702
File: norway_ferry_9, AVG Reward: 0.2404255319148936
File: norway_ferry_17, AVG Reward: 0.5542553191489362
File: norway_metro_9, AVG Reward: 0.5585106382978725
File: norway_tram_10, AVG Reward: 0.6000000000000001
File: norway_train_19, AVG Reward: 1.1138297872340428
File: norway_tram_21, AVG Reward: 0.4585106382978726
File: norway_tram_47, AVG Reward: 0.07872340425531911
File: norway_car_3, AVG Reward: 0.9223404255319151
File: norway_bus_19, AVG Reward: 1.0648936170212768
File: norway_tram_1, AVG Reward: 0.27553191489361706
File: norway_tram_54, AVG Reward: 0.7531914893617022
File: norway_bus_18, AVG Reward: 1.1478723404255322
File: norway_tram_32, AVG Reward: 0.5968085106382979
File: norway_bus_11, AVG Reward: 0.8851063829787236
File: norway_train_21, AVG Reward: 1.0989361702127662
File: norway_tram_8, AVG Reward: 0.3478723404255322
File: norway_tram_24, AVG Reward: 0.47765957446808516
File: norway_tram_27, AVG Reward: 0.33829787234042574
File: norway_car_9, AVG Reward: 0.8819148936170214
File: norway_tram_11, AVG Reward: 0.14148936170212775
File: norway_tram_13, AVG Reward: 0.4872340425531917
File: norway_tram_40, AVG Reward: 0.31382978723404253
File: norway_ferry_19, AVG Reward: 0.41808510638297874
File: norway_bus_22, AVG Reward: 1.312765957446809
File: norway_bus_2, AVG Reward: 1.440425531914894
File: norway_tram_48, AVG Reward: 0.1829787234042553
File: norway_bus_8, AVG Reward: 1.9478723404255311
File: norway_tram_44, AVG Reward: 0.6446808510638299
File: norway_tram_55, AVG Reward: 0.7819148936170209
File: norway_tram_28, AVG Reward: -0.024468085106382983
File: norway_metro_10, AVG Reward: 0.725531914893617
File: norway_train_6, AVG Reward: 0.6776595744680853
File: norway_bus_10, AVG Reward: 1.1595744680851068
File: norway_ferry_8, AVG Reward: 0.6265957446808509
File: norway_tram_45, AVG Reward: -0.5148936170212763
File: norway_train_7, AVG Reward: 0.23936170212765964
File: norway_tram_46, AVG Reward: 0.11276595744680847
File: norway_car_5, AVG Reward: 0.5925531914893619
File: norway_ferry_3, AVG Reward: 0.8723404255319149
File: norway_bus_16, AVG Reward: 3.231914893617022
File: norway_car_1, AVG Reward: 0.9031914893617017
File: norway_train_4, AVG Reward: 0.6521276595744682
File: norway_tram_51, AVG Reward: 0.38723404255319155
File: norway_bus_5, AVG Reward: 0.547872340425532
File: norway_tram_30, AVG Reward: 0.29574468085106376
File: norway_bus_3, AVG Reward: 0.998936170212766
File: norway_metro_6, AVG Reward: 0.20957446808510657
File: norway_tram_22, AVG Reward: -0.12234042553191489
File: norway_tram_36, AVG Reward: 0.5446808510638298
File: norway_tram_17, AVG Reward: 0.27127659574468105
File: norway_bus_17, AVG Reward: 1.3117021276595744
File: norway_train_18, AVG Reward: 1.6627659574468086
File: norway_ferry_15, AVG Reward: 1.1797872340425533
File: norway_tram_29, AVG Reward: 0.2617021276595745
File: norway_ferry_20, AVG Reward: 0.6648936170212769
File: norway_ferry_14, AVG Reward: 1.8276595744680844
File: norway_tram_9, AVG Reward: 0.3191489361702128
File: norway_tram_23, AVG Reward: 0.41063829787234046
File: norway_train_20, AVG Reward: 0.8808510638297875
File: norway_bus_12, AVG Reward: 0.17872340425531918
File: norway_tram_5, AVG Reward: 0.16595744680851063
File: norway_car_2, AVG Reward: 0.6829787234042553
File: norway_car_11, AVG Reward: 0.5914893617021278
File: norway_car_7, AVG Reward: 0.352127659574468
File: norway_tram_38, AVG Reward: -0.10957446808510632
File: norway_tram_39, AVG Reward: 0.5638297872340425
File: norway_tram_4, AVG Reward: -0.07553191489361702
File: norway_tram_31, AVG Reward: 0.5446808510638299
File: norway_car_8, AVG Reward: 1.4191489361702128
File: norway_car_12, AVG Reward: 0.9606382978723406
File: norway_train_8, AVG Reward: -0.024468085106382872
File: norway_bus_14, AVG Reward: 1.1829787234042555
File: norway_tram_43, AVG Reward: 0.7361702127659573
File: norway_ferry_12, AVG Reward: 1.0563829787234045
File: norway_tram_42, AVG Reward: 0.3085106382978724
File: norway_tram_2, AVG Reward: 0.0021276595744682053
File: norway_tram_56, AVG Reward: 0.5042553191489363
File: norway_ferry_10, AVG Reward: 0.74468085106383
File: norway_bus_21, AVG Reward: 1.3851063829787238
File: norway_tram_19, AVG Reward: 0.6393617021276596
File: norway_bus_1, AVG Reward: 2.313829787234042
File: norway_ferry_18, AVG Reward: 0.45851063829787253
File: norway_train_2, AVG Reward: -0.15319148936170188
File: norway_tram_16, AVG Reward: 0.24468085106382995
File: norway_tram_15, AVG Reward: -0.1712765957446808
File: norway_tram_41, AVG Reward: 0.2797872340425533
File: norway_tram_53, AVG Reward: 0.4255319148936171
File: norway_car_10, AVG Reward: 0.8797872340425532
File: norway_train_16, AVG Reward: 1.1797872340425535
File: norway_metro_3, AVG Reward: 0.4265957446808511
File: norway_bus_9, AVG Reward: 1.885106382978723
File: norway_train_14, AVG Reward: 0.9638297872340424
File: norway_tram_7, AVG Reward: 0.47234042553191485
File: norway_tram_26, AVG Reward: -0.32978723404255306
File: norway_train_13, AVG Reward: 1.0808510638297875
File: norway_metro_8, AVG Reward: 0.18404255319148927
File: norway_tram_14, AVG Reward: 0.6244680851063832
File: norway_train_11, AVG Reward: 0.9861702127659577
File: norway_ferry_2, AVG Reward: 0.6329787234042553
File: norway_tram_3, AVG Reward: 0.2765957446808511
File: norway_ferry_13, AVG Reward: 0.8585106382978726
File: norway_bus_15, AVG Reward: 3.118085106382979
File: norway_tram_50, AVG Reward: 0.4776595744680851
File: norway_ferry_1, AVG Reward: 0.5648936170212769
File: norway_tram_20, AVG Reward: 0.5882978723404254
File: norway_ferry_7, AVG Reward: 1.022340425531915
File: norway_ferry_11, AVG Reward: 0.663829787234043
File: norway_tram_34, AVG Reward: 0.41914893617021276
File: norway_tram_52, AVG Reward: 0.31595744680851073
Total AVG Reward: 0.7386424932574169
